<?xml version="1.0" encoding="UTF-8"?>
<!-- Generated by org.testng.reporters.JUnitXMLReporter -->
<testsuite ignored="2" hostname="LAPTOP-70MIPCT5" failures="0" tests="1" name="Default test" time="15.461" errors="0" timestamp="2022-09-22T11:41:38 IST">
  <testcase classname="dynamictable.DynamicTable" name="test01" time="15.398"/>
  <testcase classname="dynamictable.DynamicTable" name="test02" time="0.0">
    <ignored/>
  </testcase> <!-- test02 -->
  <testcase classname="dynamictable.DynamicTable" name="test03" time="0.0">
    <ignored/>
  </testcase> <!-- test03 -->
</testsuite> <!-- Default test -->
