<?xml version="1.0" encoding="UTF-8"?>
<testng-results ignored="2" total="3" passed="1" failed="0" skipped="0">
  <reporter-output>
  </reporter-output>
  <suite started-at="2022-09-22T11:41:22 IST" name="Default suite" finished-at="2022-09-22T11:41:38 IST" duration-ms="15461">
    <groups>
    </groups>
    <test started-at="2022-09-22T11:41:22 IST" name="Default test" finished-at="2022-09-22T11:41:38 IST" duration-ms="15461">
      <class name="dynamictable.DynamicTable">
        <test-method signature="test01()[pri:0, instance:dynamictable.DynamicTable@a9cd3b1]" started-at="2022-09-22T11:41:22 IST" name="test01" finished-at="2022-09-22T11:41:38 IST" duration-ms="15398" status="PASS">
          <reporter-output>
          </reporter-output>
        </test-method> <!-- test01 -->
      </class> <!-- dynamictable.DynamicTable -->
    </test> <!-- Default test -->
  </suite> <!-- Default suite -->
</testng-results>
