<?xml version="1.0" encoding="UTF-8"?>
<testng-results ignored="5" total="7" passed="2" failed="0" skipped="0">
  <reporter-output>
    <line>
      <![CDATA[---Database suceessfully connected----]]>
    </line>
    <line>
      <![CDATA[---Browser chrome launched successfully]]>
    </line>
    <line>
      <![CDATA[Successfully logged in to application]]>
    </line>
    <line>
      <![CDATA[clicked on org link]]>
    </line>
    <line>
      <![CDATA[ORG CREATED]]>
    </line>
    <line>
      <![CDATA[successfully signed out from application]]>
    </line>
    <line>
      <![CDATA[browser closed successfully]]>
    </line>
    <line>
      <![CDATA[---Browser chrome launched successfully]]>
    </line>
    <line>
      <![CDATA[Successfully logged in to application]]>
    </line>
    <line>
      <![CDATA[clicked on vendor link]]>
    </line>
    <line>
      <![CDATA[create vendor look up img clicked]]>
    </line>
    <line>
      <![CDATA[Vendor created successfully]]>
    </line>
    <line>
      <![CDATA[clicked on product link]]>
    </line>
    <line>
      <![CDATA[clicked on create product look up image]]>
    </line>
    <line>
      <![CDATA[product created successfully]]>
    </line>
    <line>
      <![CDATA[successfully signed out from application]]>
    </line>
    <line>
      <![CDATA[browser closed successfully]]>
    </line>
    <line>
      <![CDATA[database connection closed]]>
    </line>
  </reporter-output>
  <suite started-at="2022-09-10T12:42:30 IST" name="Suite" finished-at="2022-09-10T12:43:57 IST" duration-ms="87290">
    <groups>
      <group name="SmokeTesting">
        <method signature="CreateOrgTest.createOrg()[pri:0, instance:groupExecution.CreateOrgTest@5fdcaa40]" name="createOrg" class="groupExecution.CreateOrgTest"/>
        <method signature="CreateProductWithVendorTestNG.createProductWithVendorNameTest()[pri:0, instance:groupExecution.CreateProductWithVendorTestNG@158da8e]" name="createProductWithVendorNameTest" class="groupExecution.CreateProductWithVendorTestNG"/>
      </group> <!-- SmokeTesting -->
    </groups>
    <test started-at="2022-09-10T12:42:30 IST" name="Test" finished-at="2022-09-10T12:43:57 IST" duration-ms="87290">
      <class name="groupExecution.CreateProductWithVendorTestNG">
        <test-method is-config="true" signature="bcConfig()[pri:0, instance:groupExecution.CreateProductWithVendorTestNG@158da8e]" started-at="2022-09-10T12:43:08 IST" name="bcConfig" finished-at="2022-09-10T12:43:13 IST" duration-ms="4172" status="PASS">
          <reporter-output>
            <line>
              <![CDATA[---Browser chrome launched successfully]]>
            </line>
          </reporter-output>
        </test-method> <!-- bcConfig -->
        <test-method is-config="true" signature="bmConfig()[pri:0, instance:groupExecution.CreateProductWithVendorTestNG@158da8e]" started-at="2022-09-10T12:43:13 IST" name="bmConfig" finished-at="2022-09-10T12:43:19 IST" duration-ms="6091" status="PASS">
          <reporter-output>
            <line>
              <![CDATA[Successfully logged in to application]]>
            </line>
          </reporter-output>
        </test-method> <!-- bmConfig -->
        <test-method signature="createProductWithVendorNameTest()[pri:0, instance:groupExecution.CreateProductWithVendorTestNG@158da8e]" started-at="2022-09-10T12:43:19 IST" name="createProductWithVendorNameTest" finished-at="2022-09-10T12:43:54 IST" duration-ms="35204" status="PASS">
          <reporter-output>
            <line>
              <![CDATA[clicked on vendor link]]>
            </line>
            <line>
              <![CDATA[create vendor look up img clicked]]>
            </line>
            <line>
              <![CDATA[Vendor created successfully]]>
            </line>
            <line>
              <![CDATA[clicked on product link]]>
            </line>
            <line>
              <![CDATA[clicked on create product look up image]]>
            </line>
            <line>
              <![CDATA[product created successfully]]>
            </line>
          </reporter-output>
        </test-method> <!-- createProductWithVendorNameTest -->
        <test-method is-config="true" signature="amConfig()[pri:0, instance:groupExecution.CreateProductWithVendorTestNG@158da8e]" started-at="2022-09-10T12:43:54 IST" name="amConfig" finished-at="2022-09-10T12:43:57 IST" duration-ms="3268" status="PASS">
          <reporter-output>
            <line>
              <![CDATA[successfully signed out from application]]>
            </line>
          </reporter-output>
        </test-method> <!-- amConfig -->
        <test-method is-config="true" signature="acConfig()[pri:0, instance:groupExecution.CreateProductWithVendorTestNG@158da8e]" started-at="2022-09-10T12:43:57 IST" name="acConfig" finished-at="2022-09-10T12:43:57 IST" duration-ms="128" status="PASS">
          <reporter-output>
            <line>
              <![CDATA[browser closed successfully]]>
            </line>
          </reporter-output>
        </test-method> <!-- acConfig -->
      </class> <!-- groupExecution.CreateProductWithVendorTestNG -->
      <class name="groupExecution.CreateOrgTest">
        <test-method is-config="true" signature="bsConfig()[pri:0, instance:groupExecution.CreateOrgTest@5fdcaa40]" started-at="2022-09-10T12:42:30 IST" name="bsConfig" finished-at="2022-09-10T12:42:30 IST" duration-ms="15" status="PASS">
          <reporter-output>
            <line>
              <![CDATA[---Database suceessfully connected----]]>
            </line>
          </reporter-output>
        </test-method> <!-- bsConfig -->
        <test-method is-config="true" signature="bcConfig()[pri:0, instance:groupExecution.CreateOrgTest@5fdcaa40]" started-at="2022-09-10T12:42:30 IST" name="bcConfig" finished-at="2022-09-10T12:42:36 IST" duration-ms="6189" status="PASS">
          <reporter-output>
            <line>
              <![CDATA[---Browser chrome launched successfully]]>
            </line>
          </reporter-output>
        </test-method> <!-- bcConfig -->
        <test-method is-config="true" signature="bmConfig()[pri:0, instance:groupExecution.CreateOrgTest@5fdcaa40]" started-at="2022-09-10T12:42:36 IST" name="bmConfig" finished-at="2022-09-10T12:42:43 IST" duration-ms="6632" status="PASS">
          <reporter-output>
            <line>
              <![CDATA[Successfully logged in to application]]>
            </line>
          </reporter-output>
        </test-method> <!-- bmConfig -->
        <test-method signature="createOrg()[pri:0, instance:groupExecution.CreateOrgTest@5fdcaa40]" started-at="2022-09-10T12:42:43 IST" name="createOrg" finished-at="2022-09-10T12:43:05 IST" duration-ms="22341" status="PASS">
          <reporter-output>
            <line>
              <![CDATA[clicked on org link]]>
            </line>
            <line>
              <![CDATA[ORG CREATED]]>
            </line>
          </reporter-output>
        </test-method> <!-- createOrg -->
        <test-method is-config="true" signature="amConfig()[pri:0, instance:groupExecution.CreateOrgTest@5fdcaa40]" started-at="2022-09-10T12:43:05 IST" name="amConfig" finished-at="2022-09-10T12:43:08 IST" duration-ms="3018" status="PASS">
          <reporter-output>
            <line>
              <![CDATA[successfully signed out from application]]>
            </line>
          </reporter-output>
        </test-method> <!-- amConfig -->
        <test-method is-config="true" signature="acConfig()[pri:0, instance:groupExecution.CreateOrgTest@5fdcaa40]" started-at="2022-09-10T12:43:08 IST" name="acConfig" finished-at="2022-09-10T12:43:08 IST" duration-ms="123" status="PASS">
          <reporter-output>
            <line>
              <![CDATA[browser closed successfully]]>
            </line>
          </reporter-output>
        </test-method> <!-- acConfig -->
        <test-method is-config="true" signature="asConfig()[pri:0, instance:groupExecution.CreateOrgTest@5fdcaa40]" started-at="2022-09-10T12:43:57 IST" name="asConfig" finished-at="2022-09-10T12:43:57 IST" duration-ms="1" status="PASS">
          <reporter-output>
            <line>
              <![CDATA[database connection closed]]>
            </line>
          </reporter-output>
        </test-method> <!-- asConfig -->
      </class> <!-- groupExecution.CreateOrgTest -->
    </test> <!-- Test -->
  </suite> <!-- Suite -->
</testng-results>
